0 verbose cli /usr/local/bin/node /usr/local/bin/npm
1 info using npm@10.8.1
2 info using node@v20.16.0
3 silly config load:file:/usr/local/lib/node_modules/npm/npmrc
4 silly config load:file:/app/.npmrc
5 silly config load:file:/usr/local/etc/npmrc
6 verbose title npm start --no-cache
7 verbose argv "start" "--" "--no-cache"
8 verbose logfile logs-max:10 dir:/app/.npm/_logs/2024-08-11T00_18_08_959Z-
9 verbose logfile /app/.npm/_logs/2024-08-11T00_18_08_959Z-debug-0.log
10 silly logfile done cleaning log files
11 http fetch GET 200 https://registry.npmjs.org/npm 196ms
12 verbose stack Error: command failed
12 verbose stack     at promiseSpawn (/usr/local/lib/node_modules/npm/node_modules/@npmcli/promise-spawn/lib/index.js:22:22)
12 verbose stack     at spawnWithShell (/usr/local/lib/node_modules/npm/node_modules/@npmcli/promise-spawn/lib/index.js:124:10)
12 verbose stack     at promiseSpawn (/usr/local/lib/node_modules/npm/node_modules/@npmcli/promise-spawn/lib/index.js:12:12)
12 verbose stack     at runScriptPkg (/usr/local/lib/node_modules/npm/node_modules/@npmcli/run-script/lib/run-script-pkg.js:77:13)
12 verbose stack     at runScript (/usr/local/lib/node_modules/npm/node_modules/@npmcli/run-script/lib/run-script.js:9:12)
12 verbose stack     at #run (/usr/local/lib/node_modules/npm/lib/commands/run-script.js:130:13)
12 verbose stack     at async RunScript.exec (/usr/local/lib/node_modules/npm/lib/commands/run-script.js:39:7)
12 verbose stack     at async Npm.exec (/usr/local/lib/node_modules/npm/lib/npm.js:207:9)
12 verbose stack     at async module.exports (/usr/local/lib/node_modules/npm/lib/cli/entry.js:74:5)
13 error path /app
14 error command failed
15 error signal SIGTERM
16 error command sh -c parcel src/index.html --no-cache
17 verbose cwd /app
18 verbose os Linux 6.6.31-linuxkit
19 verbose node v20.16.0
20 verbose npm  v10.8.1
21 notice
21 notice New patch version of npm available! 10.8.1 -> 10.8.2
21 notice Changelog: https://github.com/npm/cli/releases/tag/v10.8.2
21 notice To update run: npm install -g npm@10.8.2
21 notice  { force: true, [Symbol(proc-log.meta)]: true }
22 verbose exit 1
23 verbose code 1
24 error A complete log of this run can be found in: /app/.npm/_logs/2024-08-11T00_18_08_959Z-debug-0.log
